        -:    0:Source:s21_string_files/s21_strcat.c
        -:    1:#include "s21_string.h"
        -:    2:
      762:    3:char *s21_strcat(char *dest, const char *src) {
      762:    4:  int p = (int)s21_strlen(dest);
      762:    5:  int i = 0;
     5354:    6:  while (*src != '\0') {
     4592:    7:    *(dest + p + i) = *src;
     4592:    8:    i++;
     4592:    9:    src++;
        -:   10:  };
      762:   11:  *(dest + p + i) = '\0';
      762:   12:  return dest;
        -:   13:}
