        -:    0:Source:s21_string_files/s21_strncat.c
        -:    1:#include "s21_string.h"
        -:    2:
       15:    3:char *s21_strncat(char *dest, const char *src, s21_size_t n) {
       15:    4:  char *result = dest;
        -:    5:
       15:    6:  if (n > 0) {
      121:    7:    while (*dest != '\0') {
      109:    8:      dest++;
        -:    9:    }
       43:   10:    while ((*(dest++) = *(src++)) != 0) {
       36:   11:      n--;
       36:   12:      if (n == 0) {
        5:   13:        *dest = '\0';
        5:   14:        break;
        -:   15:      }
        -:   16:    }
        -:   17:  }
       15:   18:  return result;
        -:   19:}
