        -:    0:Source:s21_string_files/s21_strcspn.c
        -:    1:#include "s21_string.h"
        -:    2:
       12:    3:size_t s21_strcspn(const char *str1, const char *str2) {
       12:    4:  size_t count = 0;
       12:    5:  int flag = 0;
       25:    6:  while (*str1 != '\0' && flag == 0) {
       22:    7:    const char *str_tmp = str2;
       22:    8:    while (*str_tmp != '\0') {
        9:    9:      if (*str1 != *str_tmp) {
    #####:   10:        flag = 0;
    #####:   11:        str_tmp++;
        -:   12:      } else {
        9:   13:        flag = 1;
        9:   14:        break;
        -:   15:      }
        -:   16:    }
       22:   17:    str1++;
       22:   18:    if (flag == 1) break;
       13:   19:    count++;
        -:   20:  }
       12:   21:  return count;
        -:   22:}
