        -:    0:Source:s21_string_files/s21_strstr.c
        -:    1:#include "s21_string.h"
        -:    2:
       13:    3:char *s21_strstr(const char *haystack, const char *needle) {
       13:    4:  if (*needle == '\0') return (char *)haystack;
       10:    5:  int i = 0;
       68:    6:  while (haystack[i] != '\0') {
       64:    7:    int j = 0;
       64:    8:    int k = i;
      111:    9:    while (needle[j] != '\0' || haystack[k] != '\0') {
      109:   10:      if (needle[j] != haystack[k]) break;
       47:   11:      k++;
       47:   12:      j++;
        -:   13:    }
       64:   14:    if (needle[j] == '\0') return (char *)haystack + i;
       58:   15:    i++;
        -:   16:  }
        4:   17:  return S21_NULL;
        -:   18:}
