        -:    0:Source:s21_string_files/s21_memcmp.c
        -:    1:#include "s21_string.h"
        -:    2:
       16:    3:int s21_memcmp(const void *str1, const void *str2, s21_size_t n) {
       16:    4:  int res = 0;
       16:    5:  int flag = 0;
      341:    6:  for (int i = 0; i < (int)n; ++i) {
      325:    7:    char *a = (char *)str1;
      325:    8:    char *b = (char *)str2;
      325:    9:    if (flag == 0 && a[i] != b[i]) {
        3:   10:      res = a[i] - b[i];
        3:   11:      flag = 1;
        -:   12:    }
        -:   13:  }
       16:   14:  if (flag == 0) {
       13:   15:    res = 0;
        -:   16:  }
        -:   17:
       16:   18:  return res;
        -:   19:}
