        -:    0:Source:s21_string_files/s21_strrchr.c
        -:    1:#include "s21_string.h"
        -:    2:
        8:    3:char *s21_strrchr(const char *str, int c) {
        8:    4:  const char *p = str;
        8:    5:  char *result = NULL;
        -:    6:
      113:    7:  while (*p != '\0') {
      105:    8:    if ((int)(*p) == c) {
        4:    9:      result = (char *)p;
        -:   10:    }
      105:   11:    p++;
        -:   12:  }
        8:   13:  if (c == '\0') {
        1:   14:    result = (char *)p;
        -:   15:  }
        8:   16:  return result;
        -:   17:}
