        -:    0:Source:s21_string_files/s21_strchr.c
        -:    1:#include "s21_string.h"
        -:    2:
      759:    3:char *s21_strchr(const char *str, int c) {
      759:    4:  const char *p = str;
      759:    5:  char *result = NULL;
        -:    6:
     3156:    7:  while (*p != '\0') {
     2605:    8:    if ((int)(*p) == c) {
      208:    9:      result = (char *)p;
      208:   10:      break;
        -:   11:    }
     2397:   12:    p++;
        -:   13:  }
      759:   14:  if (c == '\0') {
       32:   15:    result = (char *)p;
        -:   16:  }
      759:   17:  return result;
        -:   18:}
