        -:    0:Source:s21_string_files/s21_strchr.c
        -:    1:#include "s21_string.h"
        -:    2:
      749:    3:char *s21_strchr(const char *str, int c) {
      749:    4:  const char *p = str;
      749:    5:  char *result = NULL;
        -:    6:
     3110:    7:  while (*p != '\0') {
     2568:    8:    if ((int)(*p) == c) {
      207:    9:      result = (char *)p;
      207:   10:      break;
        -:   11:    }
     2361:   12:    p++;
        -:   13:  }
      749:   14:  if (c == '\0') {
       32:   15:    result = (char *)p;
        -:   16:  }
      749:   17:  return result;
        -:   18:}
