        -:    0:Source:s21_string_files/s21_to_upper.c
        -:    1:#include "s21_string.h"
        -:    2:
        7:    3:void *s21_to_upper(const char *str) {
        7:    4:  if (str == S21_NULL) return S21_NULL;
        6:    5:  s21_size_t n = s21_strlen(str);
        6:    6:  char *str_copy = (char *)malloc((n + 1) * sizeof(char));
       6*:    7:  if (str_copy == S21_NULL) return S21_NULL;
       77:    8:  for (s21_size_t i = 0; i < n; i++) {
       71:    9:    if ((str[i] > 96) && (str[i] < 123)) {
       37:   10:      str_copy[i] = str[i] - 32;
        -:   11:    } else {
       34:   12:      str_copy[i] = str[i];
        -:   13:    }
        -:   14:  }
        6:   15:  str_copy[n] = '\0';
        6:   16:  return (void *)str_copy;
        -:   17:}
